<?xml version="1.0" encoding="UTF-8" ?>
<testsuite errors="0" failures="0" hostname="SSD-PC" name="com.clockwork.scene.GeometryTest" skipped="0" tests="18" time="0.236" timestamp="2017-02-07T22:44:35">
  <properties>
[...]
</properties>
  <testcase classname="com.clockwork.scene.GeometryTest" name="testSetMesh" time="0.027" />
  <testcase classname="com.clockwork.scene.GeometryTest" name="testSetMaterial" time="0.007" />
  <testcase classname="com.clockwork.scene.GeometryTest" name="testSetMeshNull" time="0.001" />
  <testcase classname="com.clockwork.scene.GeometryTest" name="testSetLodLevel" time="0.003" />
  <testcase classname="com.clockwork.scene.GeometryTest" name="testConstructorName" time="0.0" />
  <testcase classname="com.clockwork.scene.GeometryTest" name="testSetLodLevelLodLessZero" time="0.001" />
  <testcase classname="com.clockwork.scene.GeometryTest" name="testConstructorNameNull" time="0.0" />
  <testcase classname="com.clockwork.scene.GeometryTest" name="testConstructorNameMeshNullMesh" time="0.0" />
  <testcase classname="com.clockwork.scene.GeometryTest" name="testConstructorNameMesh" time="0.0" />
  <testcase classname="com.clockwork.scene.GeometryTest" name="testSetLodLevelMeshLodZero" time="0.0" />
  <testcase classname="com.clockwork.scene.GeometryTest" name="testSetLodLevelLodGreaterMeshLod" time="0.0" />
  <testcase classname="com.clockwork.scene.GeometryTest" name="testSetMeshBatched" time="0.003" />
  <testcase classname="com.clockwork.scene.GeometryTest" name="testSetMaterialBatched" time="0.0" />
  <testcase classname="com.clockwork.scene.GeometryTest" name="testUpdateModelBound" time="0.111" />
  <testcase classname="com.clockwork.scene.GeometryTest" name="testUpdateWorldBoundNoMesh" time="0.0" />
  <testcase classname="com.clockwork.scene.GeometryTest" name="testUpdateWorlBoundTransform" time="0.01" />
  <testcase classname="com.clockwork.scene.GeometryTest" name="testUpdateWorlBoundNoBoundingVolume" time="0.0" />
  <testcase classname="com.clockwork.scene.GeometryTest" name="testUpdateWorlBoundIgnoreTransform" time="0.001" />
  <system-out><![CDATA[]]></system-out>
  <system-err><![CDATA[]]></system-err>
</testsuite>
